-------------------------------------------------------------------------------
Test set: co.edu.unbosque.bookingback.service.BookingServiceTest
-------------------------------------------------------------------------------
Tests run: 5, Failures: 2, Errors: 1, Skipped: 0, Time elapsed: 0.065 s <<< FAILURE! -- in co.edu.unbosque.bookingback.service.BookingServiceTest
co.edu.unbosque.bookingback.service.BookingServiceTest.testFindAll -- Time elapsed: 0.050 s <<< FAILURE!
org.opentest4j.AssertionFailedError: expected: <Nicolas> but was: <null>
	at org.junit.jupiter.api.AssertionFailureBuilder.build(AssertionFailureBuilder.java:151)
	at org.junit.jupiter.api.AssertionFailureBuilder.buildAndThrow(AssertionFailureBuilder.java:132)
	at org.junit.jupiter.api.AssertEquals.failNotEqual(AssertEquals.java:197)
	at org.junit.jupiter.api.AssertEquals.assertEquals(AssertEquals.java:182)
	at org.junit.jupiter.api.AssertEquals.assertEquals(AssertEquals.java:177)
	at org.junit.jupiter.api.Assertions.assertEquals(Assertions.java:1145)
	at co.edu.unbosque.bookingback.service.BookingServiceTest.testFindAll(BookingServiceTest.java:57)
	at java.base/java.lang.reflect.Method.invoke(Method.java:580)
	at java.base/java.util.ArrayList.forEach(ArrayList.java:1597)
	at java.base/java.util.ArrayList.forEach(ArrayList.java:1597)

co.edu.unbosque.bookingback.service.BookingServiceTest.testSave -- Time elapsed: 0.002 s <<< ERROR!
java.lang.NullPointerException: Cannot invoke "co.edu.unbosque.bookingback.model.BookingEntity.getBooking_id()" because "entity" is null
	at co.edu.unbosque.bookingback.service.DataMapper.bookingEntityToDTO(DataMapper.java:59)
	at co.edu.unbosque.bookingback.service.BookingService.save(BookingService.java:35)
	at co.edu.unbosque.bookingback.service.BookingServiceTest.testSave(BookingServiceTest.java:106)
	at java.base/java.lang.reflect.Method.invoke(Method.java:580)
	at java.base/java.util.ArrayList.forEach(ArrayList.java:1597)
	at java.base/java.util.ArrayList.forEach(ArrayList.java:1597)

co.edu.unbosque.bookingback.service.BookingServiceTest.testFindById -- Time elapsed: 0.004 s <<< FAILURE!
org.opentest4j.AssertionFailedError: expected: <John Doe> but was: <null>
	at org.junit.jupiter.api.AssertionFailureBuilder.build(AssertionFailureBuilder.java:151)
	at org.junit.jupiter.api.AssertionFailureBuilder.buildAndThrow(AssertionFailureBuilder.java:132)
	at org.junit.jupiter.api.AssertEquals.failNotEqual(AssertEquals.java:197)
	at org.junit.jupiter.api.AssertEquals.assertEquals(AssertEquals.java:182)
	at org.junit.jupiter.api.AssertEquals.assertEquals(AssertEquals.java:177)
	at org.junit.jupiter.api.Assertions.assertEquals(Assertions.java:1145)
	at co.edu.unbosque.bookingback.service.BookingServiceTest.testFindById(BookingServiceTest.java:78)
	at java.base/java.lang.reflect.Method.invoke(Method.java:580)
	at java.base/java.util.ArrayList.forEach(ArrayList.java:1597)
	at java.base/java.util.ArrayList.forEach(ArrayList.java:1597)

