-------------------------------------------------------------------------------
Test set: co.edu.unbosque.bookingback.service.ActivityServiceTest
-------------------------------------------------------------------------------
Tests run: 5, Failures: 1, Errors: 1, Skipped: 0, Time elapsed: 0.157 s <<< FAILURE! -- in co.edu.unbosque.bookingback.service.ActivityServiceTest
co.edu.unbosque.bookingback.service.ActivityServiceTest.testFindAll -- Time elapsed: 0.140 s <<< FAILURE!
org.opentest4j.AssertionFailedError: expected: <Sky> but was: <City Tour>
	at org.junit.jupiter.api.AssertionFailureBuilder.build(AssertionFailureBuilder.java:151)
	at org.junit.jupiter.api.AssertionFailureBuilder.buildAndThrow(AssertionFailureBuilder.java:132)
	at org.junit.jupiter.api.AssertEquals.failNotEqual(AssertEquals.java:197)
	at org.junit.jupiter.api.AssertEquals.assertEquals(AssertEquals.java:182)
	at org.junit.jupiter.api.AssertEquals.assertEquals(AssertEquals.java:177)
	at org.junit.jupiter.api.Assertions.assertEquals(Assertions.java:1145)
	at co.edu.unbosque.bookingback.service.ActivityServiceTest.testFindAll(ActivityServiceTest.java:47)
	at java.base/java.lang.reflect.Method.invoke(Method.java:580)
	at java.base/java.util.ArrayList.forEach(ArrayList.java:1597)
	at java.base/java.util.ArrayList.forEach(ArrayList.java:1597)

co.edu.unbosque.bookingback.service.ActivityServiceTest.testSave -- Time elapsed: 0.004 s <<< ERROR!
java.lang.NullPointerException: Cannot invoke "co.edu.unbosque.bookingback.model.ActivityEntity.getActivity_id()" because "entity" is null
	at co.edu.unbosque.bookingback.service.DataMapper.activityEntityToDTO(DataMapper.java:25)
	at co.edu.unbosque.bookingback.service.ActivityService.save(ActivityService.java:35)
	at co.edu.unbosque.bookingback.service.ActivityServiceTest.testSave(ActivityServiceTest.java:87)
	at java.base/java.lang.reflect.Method.invoke(Method.java:580)
	at java.base/java.util.ArrayList.forEach(ArrayList.java:1597)
	at java.base/java.util.ArrayList.forEach(ArrayList.java:1597)

