-------------------------------------------------------------------------------
Test set: co.edu.unbosque.bookingback.service.PackageServiceTest
-------------------------------------------------------------------------------
Tests run: 5, Failures: 0, Errors: 3, Skipped: 0, Time elapsed: 0.073 s <<< FAILURE! -- in co.edu.unbosque.bookingback.service.PackageServiceTest
co.edu.unbosque.bookingback.service.PackageServiceTest.testSavePackage -- Time elapsed: 0.054 s <<< ERROR!
java.lang.NullPointerException: Cannot invoke "co.edu.unbosque.bookingback.model.PackageEntity.getPackage_id()" because "entity" is null
	at co.edu.unbosque.bookingback.service.DataMapper.packageEntityToDTO(DataMapper.java:146)
	at co.edu.unbosque.bookingback.service.PackageService.save(PackageService.java:36)
	at co.edu.unbosque.bookingback.service.PackageServiceTest.testSavePackage(PackageServiceTest.java:42)
	at java.base/java.lang.reflect.Method.invoke(Method.java:580)
	at java.base/java.util.ArrayList.forEach(ArrayList.java:1597)
	at java.base/java.util.ArrayList.forEach(ArrayList.java:1597)

co.edu.unbosque.bookingback.service.PackageServiceTest.testFindById -- Time elapsed: 0.002 s <<< ERROR!
java.lang.NullPointerException
	at java.base/java.util.Objects.requireNonNull(Objects.java:220)
	at java.base/java.util.Optional.of(Optional.java:113)
	at co.edu.unbosque.bookingback.service.PackageServiceTest.testFindById(PackageServiceTest.java:55)
	at java.base/java.lang.reflect.Method.invoke(Method.java:580)
	at java.base/java.util.ArrayList.forEach(ArrayList.java:1597)
	at java.base/java.util.ArrayList.forEach(ArrayList.java:1597)

co.edu.unbosque.bookingback.service.PackageServiceTest.testFindByIdNotFound -- Time elapsed: 0.010 s <<< ERROR!
org.mockito.exceptions.misusing.UnfinishedStubbingException: 

Unfinished stubbing detected here:
-> at co.edu.unbosque.bookingback.service.PackageServiceTest.testFindById(PackageServiceTest.java:55)

E.g. thenReturn() may be missing.
Examples of correct stubbing:
    when(mock.isOk()).thenReturn(true);
    when(mock.isOk()).thenThrow(exception);
    doThrow(exception).when(mock).someVoidMethod();
Hints:
 1. missing thenReturn()
 2. you are trying to stub a final method, which is not supported
 3. you are stubbing the behaviour of another mock inside before 'thenReturn' instruction is completed

	at co.edu.unbosque.bookingback.service.PackageServiceTest.testFindByIdNotFound(PackageServiceTest.java:65)
	at java.base/java.lang.reflect.Method.invoke(Method.java:580)
	at java.base/java.util.ArrayList.forEach(ArrayList.java:1597)
	at java.base/java.util.ArrayList.forEach(ArrayList.java:1597)

